<?xml version="1.0" encoding="UTF-8"?>
<!-- Generated by org.testng.reporters.JUnitXMLReporter -->
<testsuite ignored="0" hostname="DESKTOP-2LCA7JS" failures="0" tests="2" name="Default test" time="13.591" errors="0" timestamp="26 May 2024 03:55:36 GMT">
  <testcase classname="com.aiite.pageexecution.CheckoutPageExecution" name="laptopSearch" time="7.075"/>
  <testcase classname="com.aiite.pageexecution.CheckoutPageExecution" name="mobileSearch" time="6.076"/>
</testsuite> <!-- Default test -->
