<?xml version="1.0" encoding="UTF-8"?>
<testng-results ignored="0" total="2" passed="2" failed="0" skipped="0">
  <reporter-output>
  </reporter-output>
  <suite started-at="2024-05-26T03:55:22Z" name="Default suite" finished-at="2024-05-26T03:55:36Z" duration-ms="13591">
    <groups>
    </groups>
    <test started-at="2024-05-26T03:55:22Z" name="Default test" finished-at="2024-05-26T03:55:36Z" duration-ms="13591">
      <class name="com.aiite.pageexecution.CheckoutPageExecution">
        <test-method is-config="true" signature="beforeClass()[pri:0, instance:com.aiite.pageexecution.CheckoutPageExecution@61544ae6]" started-at="2024-05-26T03:55:22Z" name="beforeClass" finished-at="2024-05-26T03:55:23Z" duration-ms="165" status="PASS">
          <reporter-output>
          </reporter-output>
        </test-method> <!-- beforeClass -->
        <test-method signature="laptopSearch()[pri:0, instance:com.aiite.pageexecution.CheckoutPageExecution@61544ae6]" started-at="2024-05-26T03:55:23Z" name="laptopSearch" finished-at="2024-05-26T03:55:30Z" duration-ms="7075" status="PASS">
          <reporter-output>
          </reporter-output>
        </test-method> <!-- laptopSearch -->
        <test-method signature="mobileSearch()[pri:0, instance:com.aiite.pageexecution.CheckoutPageExecution@61544ae6]" started-at="2024-05-26T03:55:30Z" name="mobileSearch" finished-at="2024-05-26T03:55:36Z" duration-ms="6076" status="PASS">
          <reporter-output>
          </reporter-output>
        </test-method> <!-- mobileSearch -->
        <test-method is-config="true" signature="afterClass()[pri:0, instance:com.aiite.pageexecution.CheckoutPageExecution@61544ae6]" started-at="2024-05-26T03:55:36Z" name="afterClass" finished-at="2024-05-26T03:55:36Z" duration-ms="261" status="PASS">
          <reporter-output>
          </reporter-output>
        </test-method> <!-- afterClass -->
      </class> <!-- com.aiite.pageexecution.CheckoutPageExecution -->
    </test> <!-- Default test -->
  </suite> <!-- Default suite -->
</testng-results>
