<?xml version="1.0" encoding="UTF-8"?>
<!-- Generated by org.testng.reporters.JUnitXMLReporter -->
<testsuite ignored="4" hostname="DESKTOP-2LCA7JS" failures="0" tests="1" name="Test" time="7.958" errors="0" timestamp="25 May 2024 04:00:14 GMT">
  <testcase classname="com.aiite.pageexecution.OrderpageExecution" name="mobileSearch" time="7.942"/>
  <testcase classname="com.aiite.pageexecution.LoginPageExecution" name="loginWithValidCredentialMultiple" time="0.0">
    <ignored/>
  </testcase> <!-- loginWithValidCredentialMultiple -->
  <testcase classname="com.aiite.pageexecution.LoginPageExecution" name="loginWithValidCredential" time="0.0">
    <ignored/>
  </testcase> <!-- loginWithValidCredential -->
  <testcase classname="com.aiite.pageexecution.LoginPageExecution" name="loginWithInvalidCredential" time="0.0">
    <ignored/>
  </testcase> <!-- loginWithInvalidCredential -->
  <testcase classname="com.aiite.pageexecution.OrderpageExecution" name="laptopSearch" time="0.0">
    <ignored/>
  </testcase> <!-- laptopSearch -->
</testsuite> <!-- Test -->
